This file contains any messages produced by compilers while
running configure, to aid debugging if configure makes a mistake.

It was created by mactelnet configure 0.4.4, which was
generated by GNU Autoconf 2.69.  Invocation command line was

  $ ../configure --disable-nls

## --------- ##
## Platform. ##
## --------- ##

hostname = devil
uname -m = amd64
uname -r = 11.2-PRERELEASE
uname -s = FreeBSD
uname -v = FreeBSD 11.2-PRERELEASE #0 r333226: Fri May  4 05:48:18 UTC 2018     root@releng2.nyi.freebsd.org:/usr/obj/usr/src/sys/GENERIC 

/usr/bin/uname -p = amd64
/bin/uname -X     = unknown

/bin/arch              = unknown
/usr/bin/arch -k       = unknown
/usr/convex/getsysinfo = unknown
/usr/bin/hostinfo      = unknown
/bin/machine           = unknown
/usr/bin/oslevel       = unknown
/bin/universe          = unknown

PATH: /sbin
PATH: /bin
PATH: /usr/sbin
PATH: /usr/bin
PATH: /usr/local/sbin
PATH: /usr/local/bin
PATH: /root/bin


## ----------- ##
## Core tests. ##
## ----------- ##

configure:2289: checking for a BSD-compatible install
configure:2357: result: /usr/bin/install -c
configure:2368: checking whether build environment is sane
configure:2423: result: yes
configure:2574: checking for a thread-safe mkdir -p
configure:2613: result: ../install-sh -c -d
configure:2620: checking for gawk
configure:2650: result: no
configure:2620: checking for mawk
configure:2650: result: no
configure:2620: checking for nawk
configure:2636: found /usr/bin/nawk
configure:2647: result: nawk
configure:2658: checking whether make sets $(MAKE)
configure:2680: result: yes
configure:2709: checking whether make supports nested variables
configure:2726: result: yes
configure:2860: checking whether make supports the include directive
configure:2875: make -f confmf.GNU && cat confinc.out
this is the am__doit target
configure:2878: $? = 0
configure:2897: result: yes (GNU style)
configure:2967: checking for gcc
configure:2983: found /usr/local/bin/gcc
configure:2994: result: gcc
configure:3223: checking for C compiler version
configure:3232: gcc --version >&5
gcc (FreeBSD Ports Collection) 6.4.0
Copyright (C) 2017 Free Software Foundation, Inc.
This is free software; see the source for copying conditions.  There is NO
warranty; not even for MERCHANTABILITY or FITNESS FOR A PARTICULAR PURPOSE.

configure:3243: $? = 0
configure:3232: gcc -v >&5
Using built-in specs.
COLLECT_GCC=gcc
COLLECT_LTO_WRAPPER=/usr/local/libexec/gcc6/gcc/x86_64-portbld-freebsd11.1/6.4.0/lto-wrapper
Target: x86_64-portbld-freebsd11.1
Configured with: /wrkdirs/usr/ports/lang/gcc6/work/gcc-6.4.0/configure --with-build-config=bootstrap-debug --disable-nls --enable-gnu-indirect-function --libdir=/usr/local/lib/gcc6 --libexecdir=/usr/local/libexec/gcc6 --program-suffix=6 --with-as=/usr/local/bin/as --with-gmp=/usr/local --with-gxx-include-dir=/usr/local/lib/gcc6/include/c++/ --with-ld=/usr/local/bin/ld --with-pkgversion='FreeBSD Ports Collection' --with-system-zlib --with-ecj-jar=/usr/local/share/java/ecj-4.5.jar --enable-languages=c,c++,objc,fortran,java --prefix=/usr/local --localstatedir=/var --mandir=/usr/local/man --infodir=/usr/local/info/gcc6 --build=x86_64-portbld-freebsd11.1
Thread model: posix
gcc version 6.4.0 (FreeBSD Ports Collection) 
configure:3243: $? = 0
configure:3232: gcc -V >&5
gcc: error: unrecognized command line option '-V'
gcc: fatal error: no input files
compilation terminated.
configure:3243: $? = 1
configure:3232: gcc -qversion >&5
gcc: error: unrecognized command line option '-qversion'; did you mean '--version'?
gcc: fatal error: no input files
compilation terminated.
configure:3243: $? = 1
configure:3263: checking whether the C compiler works
configure:3285: gcc    conftest.c  >&5
configure:3289: $? = 0
configure:3337: result: yes
configure:3340: checking for C compiler default output file name
configure:3342: result: a.out
configure:3348: checking for suffix of executables
configure:3355: gcc -o conftest    conftest.c  >&5
configure:3359: $? = 0
configure:3381: result: 
configure:3403: checking whether we are cross compiling
configure:3411: gcc -o conftest    conftest.c  >&5
configure:3415: $? = 0
configure:3422: ./conftest
configure:3426: $? = 0
configure:3441: result: no
configure:3446: checking for suffix of object files
configure:3468: gcc -c   conftest.c >&5
configure:3472: $? = 0
configure:3493: result: o
configure:3497: checking whether we are using the GNU C compiler
configure:3516: gcc -c   conftest.c >&5
configure:3516: $? = 0
configure:3525: result: yes
configure:3534: checking whether gcc accepts -g
configure:3554: gcc -c -g  conftest.c >&5
configure:3554: $? = 0
configure:3595: result: yes
configure:3612: checking for gcc option to accept ISO C89
configure:3675: gcc  -c -g -O2  conftest.c >&5
configure:3675: $? = 0
configure:3688: result: none needed
configure:3713: checking whether gcc understands -c and -o together
configure:3735: gcc -c conftest.c -o conftest2.o
configure:3738: $? = 0
configure:3735: gcc -c conftest.c -o conftest2.o
configure:3738: $? = 0
configure:3750: result: yes
configure:3769: checking dependency style of gcc
configure:3880: result: gcc3
configure:3901: checking how to run the C preprocessor
configure:3932: gcc -E  conftest.c
configure:3932: $? = 0
configure:3946: gcc -E  conftest.c
conftest.c:11:28: fatal error: ac_nonexistent.h: No such file or directory
 #include <ac_nonexistent.h>
                            ^
compilation terminated.
configure:3946: $? = 1
configure: failed program was:
| /* confdefs.h */
| #define PACKAGE_NAME "mactelnet"
| #define PACKAGE_TARNAME "mactelnet"
| #define PACKAGE_VERSION "0.4.4"
| #define PACKAGE_STRING "mactelnet 0.4.4"
| #define PACKAGE_BUGREPORT "haakon.nessjoen@gmail.com"
| #define PACKAGE_URL ""
| #define PACKAGE "mactelnet"
| #define VERSION "0.4.4"
| /* end confdefs.h.  */
| #include <ac_nonexistent.h>
configure:3971: result: gcc -E
configure:3991: gcc -E  conftest.c
configure:3991: $? = 0
configure:4005: gcc -E  conftest.c
conftest.c:11:28: fatal error: ac_nonexistent.h: No such file or directory
 #include <ac_nonexistent.h>
                            ^
compilation terminated.
configure:4005: $? = 1
configure: failed program was:
| /* confdefs.h */
| #define PACKAGE_NAME "mactelnet"
| #define PACKAGE_TARNAME "mactelnet"
| #define PACKAGE_VERSION "0.4.4"
| #define PACKAGE_STRING "mactelnet 0.4.4"
| #define PACKAGE_BUGREPORT "haakon.nessjoen@gmail.com"
| #define PACKAGE_URL ""
| #define PACKAGE "mactelnet"
| #define VERSION "0.4.4"
| /* end confdefs.h.  */
| #include <ac_nonexistent.h>
configure:4034: checking for grep that handles long lines and -e
configure:4092: result: /usr/bin/grep
configure:4097: checking for egrep
configure:4159: result: /usr/bin/grep -E
configure:4164: checking for ANSI C header files
configure:4184: gcc -c -g -O2  conftest.c >&5
configure:4184: $? = 0
configure:4257: gcc -o conftest -g -O2   conftest.c  >&5
configure:4257: $? = 0
configure:4257: ./conftest
configure:4257: $? = 0
configure:4268: result: yes
configure:4281: checking for sys/types.h
configure:4281: gcc -c -g -O2  conftest.c >&5
configure:4281: $? = 0
configure:4281: result: yes
configure:4281: checking for sys/stat.h
configure:4281: gcc -c -g -O2  conftest.c >&5
configure:4281: $? = 0
configure:4281: result: yes
configure:4281: checking for stdlib.h
configure:4281: gcc -c -g -O2  conftest.c >&5
configure:4281: $? = 0
configure:4281: result: yes
configure:4281: checking for string.h
configure:4281: gcc -c -g -O2  conftest.c >&5
configure:4281: $? = 0
configure:4281: result: yes
configure:4281: checking for memory.h
configure:4281: gcc -c -g -O2  conftest.c >&5
configure:4281: $? = 0
configure:4281: result: yes
configure:4281: checking for strings.h
configure:4281: gcc -c -g -O2  conftest.c >&5
configure:4281: $? = 0
configure:4281: result: yes
configure:4281: checking for inttypes.h
configure:4281: gcc -c -g -O2  conftest.c >&5
configure:4281: $? = 0
configure:4281: result: yes
configure:4281: checking for stdint.h
configure:4281: gcc -c -g -O2  conftest.c >&5
configure:4281: $? = 0
configure:4281: result: yes
configure:4281: checking for unistd.h
configure:4281: gcc -c -g -O2  conftest.c >&5
configure:4281: $? = 0
configure:4281: result: yes
configure:4294: checking minix/config.h usability
configure:4294: gcc -c -g -O2  conftest.c >&5
conftest.c:54:26: fatal error: minix/config.h: No such file or directory
 #include <minix/config.h>
                          ^
compilation terminated.
configure:4294: $? = 1
configure: failed program was:
| /* confdefs.h */
| #define PACKAGE_NAME "mactelnet"
| #define PACKAGE_TARNAME "mactelnet"
| #define PACKAGE_VERSION "0.4.4"
| #define PACKAGE_STRING "mactelnet 0.4.4"
| #define PACKAGE_BUGREPORT "haakon.nessjoen@gmail.com"
| #define PACKAGE_URL ""
| #define PACKAGE "mactelnet"
| #define VERSION "0.4.4"
| #define STDC_HEADERS 1
| #define HAVE_SYS_TYPES_H 1
| #define HAVE_SYS_STAT_H 1
| #define HAVE_STDLIB_H 1
| #define HAVE_STRING_H 1
| #define HAVE_MEMORY_H 1
| #define HAVE_STRINGS_H 1
| #define HAVE_INTTYPES_H 1
| #define HAVE_STDINT_H 1
| #define HAVE_UNISTD_H 1
| /* end confdefs.h.  */
| #include <stdio.h>
| #ifdef HAVE_SYS_TYPES_H
| # include <sys/types.h>
| #endif
| #ifdef HAVE_SYS_STAT_H
| # include <sys/stat.h>
| #endif
| #ifdef STDC_HEADERS
| # include <stdlib.h>
| # include <stddef.h>
| #else
| # ifdef HAVE_STDLIB_H
| #  include <stdlib.h>
| # endif
| #endif
| #ifdef HAVE_STRING_H
| # if !defined STDC_HEADERS && defined HAVE_MEMORY_H
| #  include <memory.h>
| # endif
| # include <string.h>
| #endif
| #ifdef HAVE_STRINGS_H
| # include <strings.h>
| #endif
| #ifdef HAVE_INTTYPES_H
| # include <inttypes.h>
| #endif
| #ifdef HAVE_STDINT_H
| # include <stdint.h>
| #endif
| #ifdef HAVE_UNISTD_H
| # include <unistd.h>
| #endif
| #include <minix/config.h>
configure:4294: result: no
configure:4294: checking minix/config.h presence
configure:4294: gcc -E  conftest.c
conftest.c:21:26: fatal error: minix/config.h: No such file or directory
 #include <minix/config.h>
                          ^
compilation terminated.
configure:4294: $? = 1
configure: failed program was:
| /* confdefs.h */
| #define PACKAGE_NAME "mactelnet"
| #define PACKAGE_TARNAME "mactelnet"
| #define PACKAGE_VERSION "0.4.4"
| #define PACKAGE_STRING "mactelnet 0.4.4"
| #define PACKAGE_BUGREPORT "haakon.nessjoen@gmail.com"
| #define PACKAGE_URL ""
| #define PACKAGE "mactelnet"
| #define VERSION "0.4.4"
| #define STDC_HEADERS 1
| #define HAVE_SYS_TYPES_H 1
| #define HAVE_SYS_STAT_H 1
| #define HAVE_STDLIB_H 1
| #define HAVE_STRING_H 1
| #define HAVE_MEMORY_H 1
| #define HAVE_STRINGS_H 1
| #define HAVE_INTTYPES_H 1
| #define HAVE_STDINT_H 1
| #define HAVE_UNISTD_H 1
| /* end confdefs.h.  */
| #include <minix/config.h>
configure:4294: result: no
configure:4294: checking for minix/config.h
configure:4294: result: no
configure:4315: checking whether it is safe to define __EXTENSIONS__
configure:4333: gcc -c -g -O2  conftest.c >&5
configure:4333: $? = 0
configure:4340: result: yes
configure:4404: checking for gcc
configure:4431: result: gcc
configure:4660: checking for C compiler version
configure:4669: gcc --version >&5
gcc (FreeBSD Ports Collection) 6.4.0
Copyright (C) 2017 Free Software Foundation, Inc.
This is free software; see the source for copying conditions.  There is NO
warranty; not even for MERCHANTABILITY or FITNESS FOR A PARTICULAR PURPOSE.

configure:4680: $? = 0
configure:4669: gcc -v >&5
Using built-in specs.
COLLECT_GCC=gcc
COLLECT_LTO_WRAPPER=/usr/local/libexec/gcc6/gcc/x86_64-portbld-freebsd11.1/6.4.0/lto-wrapper
Target: x86_64-portbld-freebsd11.1
Configured with: /wrkdirs/usr/ports/lang/gcc6/work/gcc-6.4.0/configure --with-build-config=bootstrap-debug --disable-nls --enable-gnu-indirect-function --libdir=/usr/local/lib/gcc6 --libexecdir=/usr/local/libexec/gcc6 --program-suffix=6 --with-as=/usr/local/bin/as --with-gmp=/usr/local --with-gxx-include-dir=/usr/local/lib/gcc6/include/c++/ --with-ld=/usr/local/bin/ld --with-pkgversion='FreeBSD Ports Collection' --with-system-zlib --with-ecj-jar=/usr/local/share/java/ecj-4.5.jar --enable-languages=c,c++,objc,fortran,java --prefix=/usr/local --localstatedir=/var --mandir=/usr/local/man --infodir=/usr/local/info/gcc6 --build=x86_64-portbld-freebsd11.1
Thread model: posix
gcc version 6.4.0 (FreeBSD Ports Collection) 
configure:4680: $? = 0
configure:4669: gcc -V >&5
gcc: error: unrecognized command line option '-V'
gcc: fatal error: no input files
compilation terminated.
configure:4680: $? = 1
configure:4669: gcc -qversion >&5
gcc: error: unrecognized command line option '-qversion'; did you mean '--version'?
gcc: fatal error: no input files
compilation terminated.
configure:4680: $? = 1
configure:4684: checking whether we are using the GNU C compiler
configure:4712: result: yes
configure:4721: checking whether gcc accepts -g
configure:4782: result: yes
configure:4799: checking for gcc option to accept ISO C89
configure:4875: result: none needed
configure:4900: checking whether gcc understands -c and -o together
configure:4937: result: yes
configure:4956: checking dependency style of gcc
configure:5067: result: gcc3
configure:5094: checking whether NLS is requested
configure:5103: result: no
configure:5144: checking for msgfmt
configure: trying /usr/local/bin/msgfmt...
0 translated messages.
configure:5176: result: /usr/local/bin/msgfmt
configure:5185: checking for gmsgfmt
configure:5216: result: /usr/local/bin/msgfmt
configure:5267: checking for xgettext
configure: trying /usr/local/bin/xgettext...
/usr/local/bin/xgettext: warning: file '/dev/null' extension '' is unknown; will try C
configure:5299: result: /usr/local/bin/xgettext
configure:5345: checking for msgmerge
configure: trying /usr/local/bin/msgmerge...
configure:5376: result: /usr/local/bin/msgmerge
configure:5413: checking build system type
configure:5427: result: amd64-unknown-freebsd11.2
configure:5447: checking host system type
configure:5460: result: amd64-unknown-freebsd11.2
configure:5504: checking for ld used by GCC
configure:5568: result: /usr/local/bin/ld
configure:5575: checking if the linker (/usr/local/bin/ld) is GNU ld
configure:5588: result: yes
configure:5595: checking for shared library run path origin
configure:5608: result: done
configure:6180: checking for CFPreferencesCopyAppValue
configure:6198: gcc -o conftest -g -O2   conftest.c  -Wl,-framework -Wl,CoreFoundation >&5
conftest.c:26:42: fatal error: CoreFoundation/CFPreferences.h: No such file or directory
 #include <CoreFoundation/CFPreferences.h>
                                          ^
compilation terminated.
configure:6198: $? = 1
configure: failed program was:
| /* confdefs.h */
| #define PACKAGE_NAME "mactelnet"
| #define PACKAGE_TARNAME "mactelnet"
| #define PACKAGE_VERSION "0.4.4"
| #define PACKAGE_STRING "mactelnet 0.4.4"
| #define PACKAGE_BUGREPORT "haakon.nessjoen@gmail.com"
| #define PACKAGE_URL ""
| #define PACKAGE "mactelnet"
| #define VERSION "0.4.4"
| #define STDC_HEADERS 1
| #define HAVE_SYS_TYPES_H 1
| #define HAVE_SYS_STAT_H 1
| #define HAVE_STDLIB_H 1
| #define HAVE_STRING_H 1
| #define HAVE_MEMORY_H 1
| #define HAVE_STRINGS_H 1
| #define HAVE_INTTYPES_H 1
| #define HAVE_STDINT_H 1
| #define HAVE_UNISTD_H 1
| #define __EXTENSIONS__ 1
| #define _ALL_SOURCE 1
| #define _GNU_SOURCE 1
| #define _POSIX_PTHREAD_SEMANTICS 1
| #define _TANDEM_SOURCE 1
| /* end confdefs.h.  */
| #include <CoreFoundation/CFPreferences.h>
| int
| main ()
| {
| CFPreferencesCopyAppValue(NULL, NULL)
|   ;
|   return 0;
| }
configure:6207: result: no
configure:6214: checking for CFLocaleCopyCurrent
configure:6232: gcc -o conftest -g -O2   conftest.c  -Wl,-framework -Wl,CoreFoundation >&5
conftest.c:26:37: fatal error: CoreFoundation/CFLocale.h: No such file or directory
 #include <CoreFoundation/CFLocale.h>
                                     ^
compilation terminated.
configure:6232: $? = 1
configure: failed program was:
| /* confdefs.h */
| #define PACKAGE_NAME "mactelnet"
| #define PACKAGE_TARNAME "mactelnet"
| #define PACKAGE_VERSION "0.4.4"
| #define PACKAGE_STRING "mactelnet 0.4.4"
| #define PACKAGE_BUGREPORT "haakon.nessjoen@gmail.com"
| #define PACKAGE_URL ""
| #define PACKAGE "mactelnet"
| #define VERSION "0.4.4"
| #define STDC_HEADERS 1
| #define HAVE_SYS_TYPES_H 1
| #define HAVE_SYS_STAT_H 1
| #define HAVE_STDLIB_H 1
| #define HAVE_STRING_H 1
| #define HAVE_MEMORY_H 1
| #define HAVE_STRINGS_H 1
| #define HAVE_INTTYPES_H 1
| #define HAVE_STDINT_H 1
| #define HAVE_UNISTD_H 1
| #define __EXTENSIONS__ 1
| #define _ALL_SOURCE 1
| #define _GNU_SOURCE 1
| #define _POSIX_PTHREAD_SEMANTICS 1
| #define _TANDEM_SOURCE 1
| /* end confdefs.h.  */
| #include <CoreFoundation/CFLocale.h>
| int
| main ()
| {
| CFLocaleCopyCurrent();
|   ;
|   return 0;
| }
configure:6241: result: no
configure:7110: checking whether to use NLS
configure:7112: result: no
configure:7185: checking for nanosleep in -lrt
configure:7210: gcc -o conftest -g -O2   conftest.c -lrt   >&5
configure:7210: $? = 0
configure:7219: result: yes
configure:7235: checking arpa/inet.h usability
configure:7235: gcc -c -g -O2  conftest.c >&5
configure:7235: $? = 0
configure:7235: result: yes
configure:7235: checking arpa/inet.h presence
configure:7235: gcc -E  conftest.c
configure:7235: $? = 0
configure:7235: result: yes
configure:7235: checking for arpa/inet.h
configure:7235: result: yes
configure:7235: checking fcntl.h usability
configure:7235: gcc -c -g -O2  conftest.c >&5
configure:7235: $? = 0
configure:7235: result: yes
configure:7235: checking fcntl.h presence
configure:7235: gcc -E  conftest.c
configure:7235: $? = 0
configure:7235: result: yes
configure:7235: checking for fcntl.h
configure:7235: result: yes
configure:7235: checking float.h usability
configure:7235: gcc -c -g -O2  conftest.c >&5
configure:7235: $? = 0
configure:7235: result: yes
configure:7235: checking float.h presence
configure:7235: gcc -E  conftest.c
configure:7235: $? = 0
configure:7235: result: yes
configure:7235: checking for float.h
configure:7235: result: yes
configure:7235: checking libintl.h usability
configure:7235: gcc -c -g -O2  conftest.c >&5
configure:7235: $? = 0
configure:7235: result: yes
configure:7235: checking libintl.h presence
configure:7235: gcc -E  conftest.c
configure:7235: $? = 0
configure:7235: result: yes
configure:7235: checking for libintl.h
configure:7235: result: yes
configure:7235: checking locale.h usability
configure:7235: gcc -c -g -O2  conftest.c >&5
configure:7235: $? = 0
configure:7235: result: yes
configure:7235: checking locale.h presence
configure:7235: gcc -E  conftest.c
configure:7235: $? = 0
configure:7235: result: yes
configure:7235: checking for locale.h
configure:7235: result: yes
configure:7235: checking netinet/in.h usability
configure:7235: gcc -c -g -O2  conftest.c >&5
configure:7235: $? = 0
configure:7235: result: yes
configure:7235: checking netinet/in.h presence
configure:7235: gcc -E  conftest.c
configure:7235: $? = 0
configure:7235: result: yes
configure:7235: checking for netinet/in.h
configure:7235: result: yes
configure:7235: checking paths.h usability
configure:7235: gcc -c -g -O2  conftest.c >&5
configure:7235: $? = 0
configure:7235: result: yes
configure:7235: checking paths.h presence
configure:7235: gcc -E  conftest.c
configure:7235: $? = 0
configure:7235: result: yes
configure:7235: checking for paths.h
configure:7235: result: yes
configure:7235: checking for stdlib.h
configure:7235: result: yes
configure:7235: checking for string.h
configure:7235: result: yes
configure:7235: checking sys/ioctl.h usability
configure:7235: gcc -c -g -O2  conftest.c >&5
configure:7235: $? = 0
configure:7235: result: yes
configure:7235: checking sys/ioctl.h presence
configure:7235: gcc -E  conftest.c
configure:7235: $? = 0
configure:7235: result: yes
configure:7235: checking for sys/ioctl.h
configure:7235: result: yes
configure:7235: checking sys/socket.h usability
configure:7235: gcc -c -g -O2  conftest.c >&5
configure:7235: $? = 0
configure:7235: result: yes
configure:7235: checking sys/socket.h presence
configure:7235: gcc -E  conftest.c
configure:7235: $? = 0
configure:7235: result: yes
configure:7235: checking for sys/socket.h
configure:7235: result: yes
configure:7235: checking sys/time.h usability
configure:7235: gcc -c -g -O2  conftest.c >&5
configure:7235: $? = 0
configure:7235: result: yes
configure:7235: checking sys/time.h presence
configure:7235: gcc -E  conftest.c
configure:7235: $? = 0
configure:7235: result: yes
configure:7235: checking for sys/time.h
configure:7235: result: yes
configure:7235: checking syslog.h usability
configure:7235: gcc -c -g -O2  conftest.c >&5
configure:7235: $? = 0
configure:7235: result: yes
configure:7235: checking syslog.h presence
configure:7235: gcc -E  conftest.c
configure:7235: $? = 0
configure:7235: result: yes
configure:7235: checking for syslog.h
configure:7235: result: yes
configure:7235: checking termios.h usability
configure:7235: gcc -c -g -O2  conftest.c >&5
configure:7235: $? = 0
configure:7235: result: yes
configure:7235: checking termios.h presence
configure:7235: gcc -E  conftest.c
configure:7235: $? = 0
configure:7235: result: yes
configure:7235: checking for termios.h
configure:7235: result: yes
configure:7235: checking for unistd.h
configure:7235: result: yes
configure:7235: checking utmp.h usability
configure:7235: gcc -c -g -O2  conftest.c >&5
conftest.c:75:18: fatal error: utmp.h: No such file or directory
 #include <utmp.h>
                  ^
compilation terminated.
configure:7235: $? = 1
configure: failed program was:
| /* confdefs.h */
| #define PACKAGE_NAME "mactelnet"
| #define PACKAGE_TARNAME "mactelnet"
| #define PACKAGE_VERSION "0.4.4"
| #define PACKAGE_STRING "mactelnet 0.4.4"
| #define PACKAGE_BUGREPORT "haakon.nessjoen@gmail.com"
| #define PACKAGE_URL ""
| #define PACKAGE "mactelnet"
| #define VERSION "0.4.4"
| #define STDC_HEADERS 1
| #define HAVE_SYS_TYPES_H 1
| #define HAVE_SYS_STAT_H 1
| #define HAVE_STDLIB_H 1
| #define HAVE_STRING_H 1
| #define HAVE_MEMORY_H 1
| #define HAVE_STRINGS_H 1
| #define HAVE_INTTYPES_H 1
| #define HAVE_STDINT_H 1
| #define HAVE_UNISTD_H 1
| #define __EXTENSIONS__ 1
| #define _ALL_SOURCE 1
| #define _GNU_SOURCE 1
| #define _POSIX_PTHREAD_SEMANTICS 1
| #define _TANDEM_SOURCE 1
| #define HAVE_LIBRT 1
| #define HAVE_ARPA_INET_H 1
| #define HAVE_FCNTL_H 1
| #define HAVE_FLOAT_H 1
| #define HAVE_LIBINTL_H 1
| #define HAVE_LOCALE_H 1
| #define HAVE_NETINET_IN_H 1
| #define HAVE_PATHS_H 1
| #define HAVE_STDLIB_H 1
| #define HAVE_STRING_H 1
| #define HAVE_SYS_IOCTL_H 1
| #define HAVE_SYS_SOCKET_H 1
| #define HAVE_SYS_TIME_H 1
| #define HAVE_SYSLOG_H 1
| #define HAVE_TERMIOS_H 1
| #define HAVE_UNISTD_H 1
| /* end confdefs.h.  */
| #include <stdio.h>
| #ifdef HAVE_SYS_TYPES_H
| # include <sys/types.h>
| #endif
| #ifdef HAVE_SYS_STAT_H
| # include <sys/stat.h>
| #endif
| #ifdef STDC_HEADERS
| # include <stdlib.h>
| # include <stddef.h>
| #else
| # ifdef HAVE_STDLIB_H
| #  include <stdlib.h>
| # endif
| #endif
| #ifdef HAVE_STRING_H
| # if !defined STDC_HEADERS && defined HAVE_MEMORY_H
| #  include <memory.h>
| # endif
| # include <string.h>
| #endif
| #ifdef HAVE_STRINGS_H
| # include <strings.h>
| #endif
| #ifdef HAVE_INTTYPES_H
| # include <inttypes.h>
| #endif
| #ifdef HAVE_STDINT_H
| # include <stdint.h>
| #endif
| #ifdef HAVE_UNISTD_H
| # include <unistd.h>
| #endif
| #include <utmp.h>
configure:7235: result: no
configure:7235: checking utmp.h presence
configure:7235: gcc -E  conftest.c
conftest.c:42:18: fatal error: utmp.h: No such file or directory
 #include <utmp.h>
                  ^
compilation terminated.
configure:7235: $? = 1
configure: failed program was:
| /* confdefs.h */
| #define PACKAGE_NAME "mactelnet"
| #define PACKAGE_TARNAME "mactelnet"
| #define PACKAGE_VERSION "0.4.4"
| #define PACKAGE_STRING "mactelnet 0.4.4"
| #define PACKAGE_BUGREPORT "haakon.nessjoen@gmail.com"
| #define PACKAGE_URL ""
| #define PACKAGE "mactelnet"
| #define VERSION "0.4.4"
| #define STDC_HEADERS 1
| #define HAVE_SYS_TYPES_H 1
| #define HAVE_SYS_STAT_H 1
| #define HAVE_STDLIB_H 1
| #define HAVE_STRING_H 1
| #define HAVE_MEMORY_H 1
| #define HAVE_STRINGS_H 1
| #define HAVE_INTTYPES_H 1
| #define HAVE_STDINT_H 1
| #define HAVE_UNISTD_H 1
| #define __EXTENSIONS__ 1
| #define _ALL_SOURCE 1
| #define _GNU_SOURCE 1
| #define _POSIX_PTHREAD_SEMANTICS 1
| #define _TANDEM_SOURCE 1
| #define HAVE_LIBRT 1
| #define HAVE_ARPA_INET_H 1
| #define HAVE_FCNTL_H 1
| #define HAVE_FLOAT_H 1
| #define HAVE_LIBINTL_H 1
| #define HAVE_LOCALE_H 1
| #define HAVE_NETINET_IN_H 1
| #define HAVE_PATHS_H 1
| #define HAVE_STDLIB_H 1
| #define HAVE_STRING_H 1
| #define HAVE_SYS_IOCTL_H 1
| #define HAVE_SYS_SOCKET_H 1
| #define HAVE_SYS_TIME_H 1
| #define HAVE_SYSLOG_H 1
| #define HAVE_TERMIOS_H 1
| #define HAVE_UNISTD_H 1
| /* end confdefs.h.  */
| #include <utmp.h>
configure:7235: result: no
configure:7235: checking for utmp.h
configure:7235: result: no
configure:7235: checking utmpx.h usability
configure:7235: gcc -c -g -O2  conftest.c >&5
configure:7235: $? = 0
configure:7235: result: yes
configure:7235: checking utmpx.h presence
configure:7235: gcc -E  conftest.c
configure:7235: $? = 0
configure:7235: result: yes
configure:7235: checking for utmpx.h
configure:7235: result: yes
configure:7247: checking for pid_t
configure:7247: gcc -c -g -O2  conftest.c >&5
configure:7247: $? = 0
configure:7247: gcc -c -g -O2  conftest.c >&5
conftest.c: In function 'main':
conftest.c:79:20: error: expected expression before ')' token
 if (sizeof ((pid_t)))
                    ^
configure:7247: $? = 1
configure: failed program was:
| /* confdefs.h */
| #define PACKAGE_NAME "mactelnet"
| #define PACKAGE_TARNAME "mactelnet"
| #define PACKAGE_VERSION "0.4.4"
| #define PACKAGE_STRING "mactelnet 0.4.4"
| #define PACKAGE_BUGREPORT "haakon.nessjoen@gmail.com"
| #define PACKAGE_URL ""
| #define PACKAGE "mactelnet"
| #define VERSION "0.4.4"
| #define STDC_HEADERS 1
| #define HAVE_SYS_TYPES_H 1
| #define HAVE_SYS_STAT_H 1
| #define HAVE_STDLIB_H 1
| #define HAVE_STRING_H 1
| #define HAVE_MEMORY_H 1
| #define HAVE_STRINGS_H 1
| #define HAVE_INTTYPES_H 1
| #define HAVE_STDINT_H 1
| #define HAVE_UNISTD_H 1
| #define __EXTENSIONS__ 1
| #define _ALL_SOURCE 1
| #define _GNU_SOURCE 1
| #define _POSIX_PTHREAD_SEMANTICS 1
| #define _TANDEM_SOURCE 1
| #define HAVE_LIBRT 1
| #define HAVE_ARPA_INET_H 1
| #define HAVE_FCNTL_H 1
| #define HAVE_FLOAT_H 1
| #define HAVE_LIBINTL_H 1
| #define HAVE_LOCALE_H 1
| #define HAVE_NETINET_IN_H 1
| #define HAVE_PATHS_H 1
| #define HAVE_STDLIB_H 1
| #define HAVE_STRING_H 1
| #define HAVE_SYS_IOCTL_H 1
| #define HAVE_SYS_SOCKET_H 1
| #define HAVE_SYS_TIME_H 1
| #define HAVE_SYSLOG_H 1
| #define HAVE_TERMIOS_H 1
| #define HAVE_UNISTD_H 1
| #define HAVE_UTMPX_H 1
| /* end confdefs.h.  */
| #include <stdio.h>
| #ifdef HAVE_SYS_TYPES_H
| # include <sys/types.h>
| #endif
| #ifdef HAVE_SYS_STAT_H
| # include <sys/stat.h>
| #endif
| #ifdef STDC_HEADERS
| # include <stdlib.h>
| # include <stddef.h>
| #else
| # ifdef HAVE_STDLIB_H
| #  include <stdlib.h>
| # endif
| #endif
| #ifdef HAVE_STRING_H
| # if !defined STDC_HEADERS && defined HAVE_MEMORY_H
| #  include <memory.h>
| # endif
| # include <string.h>
| #endif
| #ifdef HAVE_STRINGS_H
| # include <strings.h>
| #endif
| #ifdef HAVE_INTTYPES_H
| # include <inttypes.h>
| #endif
| #ifdef HAVE_STDINT_H
| # include <stdint.h>
| #endif
| #ifdef HAVE_UNISTD_H
| # include <unistd.h>
| #endif
| int
| main ()
| {
| if (sizeof ((pid_t)))
| 	    return 0;
|   ;
|   return 0;
| }
configure:7247: result: yes
configure:7258: checking for size_t
configure:7258: gcc -c -g -O2  conftest.c >&5
configure:7258: $? = 0
configure:7258: gcc -c -g -O2  conftest.c >&5
conftest.c: In function 'main':
conftest.c:79:21: error: expected expression before ')' token
 if (sizeof ((size_t)))
                     ^
configure:7258: $? = 1
configure: failed program was:
| /* confdefs.h */
| #define PACKAGE_NAME "mactelnet"
| #define PACKAGE_TARNAME "mactelnet"
| #define PACKAGE_VERSION "0.4.4"
| #define PACKAGE_STRING "mactelnet 0.4.4"
| #define PACKAGE_BUGREPORT "haakon.nessjoen@gmail.com"
| #define PACKAGE_URL ""
| #define PACKAGE "mactelnet"
| #define VERSION "0.4.4"
| #define STDC_HEADERS 1
| #define HAVE_SYS_TYPES_H 1
| #define HAVE_SYS_STAT_H 1
| #define HAVE_STDLIB_H 1
| #define HAVE_STRING_H 1
| #define HAVE_MEMORY_H 1
| #define HAVE_STRINGS_H 1
| #define HAVE_INTTYPES_H 1
| #define HAVE_STDINT_H 1
| #define HAVE_UNISTD_H 1
| #define __EXTENSIONS__ 1
| #define _ALL_SOURCE 1
| #define _GNU_SOURCE 1
| #define _POSIX_PTHREAD_SEMANTICS 1
| #define _TANDEM_SOURCE 1
| #define HAVE_LIBRT 1
| #define HAVE_ARPA_INET_H 1
| #define HAVE_FCNTL_H 1
| #define HAVE_FLOAT_H 1
| #define HAVE_LIBINTL_H 1
| #define HAVE_LOCALE_H 1
| #define HAVE_NETINET_IN_H 1
| #define HAVE_PATHS_H 1
| #define HAVE_STDLIB_H 1
| #define HAVE_STRING_H 1
| #define HAVE_SYS_IOCTL_H 1
| #define HAVE_SYS_SOCKET_H 1
| #define HAVE_SYS_TIME_H 1
| #define HAVE_SYSLOG_H 1
| #define HAVE_TERMIOS_H 1
| #define HAVE_UNISTD_H 1
| #define HAVE_UTMPX_H 1
| /* end confdefs.h.  */
| #include <stdio.h>
| #ifdef HAVE_SYS_TYPES_H
| # include <sys/types.h>
| #endif
| #ifdef HAVE_SYS_STAT_H
| # include <sys/stat.h>
| #endif
| #ifdef STDC_HEADERS
| # include <stdlib.h>
| # include <stddef.h>
| #else
| # ifdef HAVE_STDLIB_H
| #  include <stdlib.h>
| # endif
| #endif
| #ifdef HAVE_STRING_H
| # if !defined STDC_HEADERS && defined HAVE_MEMORY_H
| #  include <memory.h>
| # endif
| # include <string.h>
| #endif
| #ifdef HAVE_STRINGS_H
| # include <strings.h>
| #endif
| #ifdef HAVE_INTTYPES_H
| # include <inttypes.h>
| #endif
| #ifdef HAVE_STDINT_H
| # include <stdint.h>
| #endif
| #ifdef HAVE_UNISTD_H
| # include <unistd.h>
| #endif
| int
| main ()
| {
| if (sizeof ((size_t)))
| 	    return 0;
|   ;
|   return 0;
| }
configure:7258: result: yes
configure:7271: checking for uid_t in sys/types.h
configure:7290: result: yes
configure:7303: checking for unistd.h
configure:7303: result: yes
configure:7313: checking for working chown
configure:7346: gcc -o conftest -g -O2   conftest.c -lrt  >&5
configure:7346: $? = 0
configure:7346: ./conftest
configure:7346: $? = 0
configure:7358: result: yes
configure:7368: checking vfork.h usability
configure:7368: gcc -c -g -O2  conftest.c >&5
conftest.c:78:19: fatal error: vfork.h: No such file or directory
 #include <vfork.h>
                   ^
compilation terminated.
configure:7368: $? = 1
configure: failed program was:
| /* confdefs.h */
| #define PACKAGE_NAME "mactelnet"
| #define PACKAGE_TARNAME "mactelnet"
| #define PACKAGE_VERSION "0.4.4"
| #define PACKAGE_STRING "mactelnet 0.4.4"
| #define PACKAGE_BUGREPORT "haakon.nessjoen@gmail.com"
| #define PACKAGE_URL ""
| #define PACKAGE "mactelnet"
| #define VERSION "0.4.4"
| #define STDC_HEADERS 1
| #define HAVE_SYS_TYPES_H 1
| #define HAVE_SYS_STAT_H 1
| #define HAVE_STDLIB_H 1
| #define HAVE_STRING_H 1
| #define HAVE_MEMORY_H 1
| #define HAVE_STRINGS_H 1
| #define HAVE_INTTYPES_H 1
| #define HAVE_STDINT_H 1
| #define HAVE_UNISTD_H 1
| #define __EXTENSIONS__ 1
| #define _ALL_SOURCE 1
| #define _GNU_SOURCE 1
| #define _POSIX_PTHREAD_SEMANTICS 1
| #define _TANDEM_SOURCE 1
| #define HAVE_LIBRT 1
| #define HAVE_ARPA_INET_H 1
| #define HAVE_FCNTL_H 1
| #define HAVE_FLOAT_H 1
| #define HAVE_LIBINTL_H 1
| #define HAVE_LOCALE_H 1
| #define HAVE_NETINET_IN_H 1
| #define HAVE_PATHS_H 1
| #define HAVE_STDLIB_H 1
| #define HAVE_STRING_H 1
| #define HAVE_SYS_IOCTL_H 1
| #define HAVE_SYS_SOCKET_H 1
| #define HAVE_SYS_TIME_H 1
| #define HAVE_SYSLOG_H 1
| #define HAVE_TERMIOS_H 1
| #define HAVE_UNISTD_H 1
| #define HAVE_UTMPX_H 1
| #define HAVE_UNISTD_H 1
| #define HAVE_CHOWN 1
| /* end confdefs.h.  */
| #include <stdio.h>
| #ifdef HAVE_SYS_TYPES_H
| # include <sys/types.h>
| #endif
| #ifdef HAVE_SYS_STAT_H
| # include <sys/stat.h>
| #endif
| #ifdef STDC_HEADERS
| # include <stdlib.h>
| # include <stddef.h>
| #else
| # ifdef HAVE_STDLIB_H
| #  include <stdlib.h>
| # endif
| #endif
| #ifdef HAVE_STRING_H
| # if !defined STDC_HEADERS && defined HAVE_MEMORY_H
| #  include <memory.h>
| # endif
| # include <string.h>
| #endif
| #ifdef HAVE_STRINGS_H
| # include <strings.h>
| #endif
| #ifdef HAVE_INTTYPES_H
| # include <inttypes.h>
| #endif
| #ifdef HAVE_STDINT_H
| # include <stdint.h>
| #endif
| #ifdef HAVE_UNISTD_H
| # include <unistd.h>
| #endif
| #include <vfork.h>
configure:7368: result: no
configure:7368: checking vfork.h presence
configure:7368: gcc -E  conftest.c
conftest.c:45:19: fatal error: vfork.h: No such file or directory
 #include <vfork.h>
                   ^
compilation terminated.
configure:7368: $? = 1
configure: failed program was:
| /* confdefs.h */
| #define PACKAGE_NAME "mactelnet"
| #define PACKAGE_TARNAME "mactelnet"
| #define PACKAGE_VERSION "0.4.4"
| #define PACKAGE_STRING "mactelnet 0.4.4"
| #define PACKAGE_BUGREPORT "haakon.nessjoen@gmail.com"
| #define PACKAGE_URL ""
| #define PACKAGE "mactelnet"
| #define VERSION "0.4.4"
| #define STDC_HEADERS 1
| #define HAVE_SYS_TYPES_H 1
| #define HAVE_SYS_STAT_H 1
| #define HAVE_STDLIB_H 1
| #define HAVE_STRING_H 1
| #define HAVE_MEMORY_H 1
| #define HAVE_STRINGS_H 1
| #define HAVE_INTTYPES_H 1
| #define HAVE_STDINT_H 1
| #define HAVE_UNISTD_H 1
| #define __EXTENSIONS__ 1
| #define _ALL_SOURCE 1
| #define _GNU_SOURCE 1
| #define _POSIX_PTHREAD_SEMANTICS 1
| #define _TANDEM_SOURCE 1
| #define HAVE_LIBRT 1
| #define HAVE_ARPA_INET_H 1
| #define HAVE_FCNTL_H 1
| #define HAVE_FLOAT_H 1
| #define HAVE_LIBINTL_H 1
| #define HAVE_LOCALE_H 1
| #define HAVE_NETINET_IN_H 1
| #define HAVE_PATHS_H 1
| #define HAVE_STDLIB_H 1
| #define HAVE_STRING_H 1
| #define HAVE_SYS_IOCTL_H 1
| #define HAVE_SYS_SOCKET_H 1
| #define HAVE_SYS_TIME_H 1
| #define HAVE_SYSLOG_H 1
| #define HAVE_TERMIOS_H 1
| #define HAVE_UNISTD_H 1
| #define HAVE_UTMPX_H 1
| #define HAVE_UNISTD_H 1
| #define HAVE_CHOWN 1
| /* end confdefs.h.  */
| #include <vfork.h>
configure:7368: result: no
configure:7368: checking for vfork.h
configure:7368: result: no
configure:7381: checking for fork
configure:7381: gcc -o conftest -g -O2   conftest.c -lrt  >&5
conftest.c:68:6: warning: conflicting types for built-in function 'fork'
 char fork ();
      ^~~~
configure:7381: $? = 0
configure:7381: result: yes
configure:7381: checking for vfork
configure:7381: gcc -o conftest -g -O2   conftest.c -lrt  >&5
configure:7381: $? = 0
configure:7381: result: yes
configure:7391: checking for working fork
configure:7413: gcc -o conftest -g -O2   conftest.c -lrt  >&5
configure:7413: $? = 0
configure:7413: ./conftest
configure:7413: $? = 0
configure:7423: result: yes
configure:7444: checking for working vfork
configure:7554: result: yes
configure:7581: checking for stdlib.h
configure:7581: result: yes
configure:7591: checking for GNU libc compatible malloc
configure:7615: gcc -o conftest -g -O2   conftest.c -lrt  >&5
configure:7615: $? = 0
configure:7615: ./conftest
configure:7615: $? = 0
configure:7625: result: yes
configure:7646: checking for working strnlen
configure:7684: gcc -o conftest -g -O2   conftest.c -lrt  >&5
configure:7684: $? = 0
configure:7684: ./conftest
configure:7684: $? = 0
configure:7694: result: yes
configure:7706: checking for alarm
configure:7706: gcc -o conftest -g -O2   conftest.c -lrt  >&5
configure:7706: $? = 0
configure:7706: result: yes
configure:7706: checking for bzero
configure:7706: gcc -o conftest -g -O2   conftest.c -lrt  >&5
conftest.c:75:6: warning: conflicting types for built-in function 'bzero'
 char bzero ();
      ^~~~~
configure:7706: $? = 0
configure:7706: result: yes
configure:7706: checking for clock_gettime
configure:7706: gcc -o conftest -g -O2   conftest.c -lrt  >&5
configure:7706: $? = 0
configure:7706: result: yes
configure:7706: checking for getpass
configure:7706: gcc -o conftest -g -O2   conftest.c -lrt  >&5
configure:7706: $? = 0
configure:7706: result: yes
configure:7706: checking for gettimeofday
configure:7706: gcc -o conftest -g -O2   conftest.c -lrt  >&5
configure:7706: $? = 0
configure:7706: result: yes
configure:7706: checking for inet_ntoa
configure:7706: gcc -o conftest -g -O2   conftest.c -lrt  >&5
configure:7706: $? = 0
configure:7706: result: yes
configure:7706: checking for memset
configure:7706: gcc -o conftest -g -O2   conftest.c -lrt  >&5
conftest.c:80:6: warning: conflicting types for built-in function 'memset'
 char memset ();
      ^~~~~~
configure:7706: $? = 0
configure:7706: result: yes
configure:7706: checking for select
configure:7706: gcc -o conftest -g -O2   conftest.c -lrt  >&5
configure:7706: $? = 0
configure:7706: result: yes
configure:7706: checking for setenv
configure:7706: gcc -o conftest -g -O2   conftest.c -lrt  >&5
configure:7706: $? = 0
configure:7706: result: yes
configure:7706: checking for setlocale
configure:7706: gcc -o conftest -g -O2   conftest.c -lrt  >&5
configure:7706: $? = 0
configure:7706: result: yes
configure:7706: checking for socket
configure:7706: gcc -o conftest -g -O2   conftest.c -lrt  >&5
configure:7706: $? = 0
configure:7706: result: yes
configure:7706: checking for strcasecmp
configure:7706: gcc -o conftest -g -O2   conftest.c -lrt  >&5
conftest.c:85:6: warning: conflicting types for built-in function 'strcasecmp'
 char strcasecmp ();
      ^~~~~~~~~~
configure:7706: $? = 0
configure:7706: result: yes
configure:7706: checking for strerror
configure:7706: gcc -o conftest -g -O2   conftest.c -lrt  >&5
configure:7706: $? = 0
configure:7706: result: yes
configure:7706: checking for strncasecmp
configure:7706: gcc -o conftest -g -O2   conftest.c -lrt  >&5
conftest.c:87:6: warning: conflicting types for built-in function 'strncasecmp'
 char strncasecmp ();
      ^~~~~~~~~~~
configure:7706: $? = 0
configure:7706: result: yes
configure:7706: checking for sysinfo
configure:7706: gcc -o conftest -g -O2   conftest.c -lrt  >&5
/tmp//ccfFlchN.o: In function `main':
/root/MAC-Telnet/out/conftest.c:99: undefined reference to `sysinfo'
collect2: error: ld returned 1 exit status
configure:7706: $? = 1
configure: failed program was:
| /* confdefs.h */
| #define PACKAGE_NAME "mactelnet"
| #define PACKAGE_TARNAME "mactelnet"
| #define PACKAGE_VERSION "0.4.4"
| #define PACKAGE_STRING "mactelnet 0.4.4"
| #define PACKAGE_BUGREPORT "haakon.nessjoen@gmail.com"
| #define PACKAGE_URL ""
| #define PACKAGE "mactelnet"
| #define VERSION "0.4.4"
| #define STDC_HEADERS 1
| #define HAVE_SYS_TYPES_H 1
| #define HAVE_SYS_STAT_H 1
| #define HAVE_STDLIB_H 1
| #define HAVE_STRING_H 1
| #define HAVE_MEMORY_H 1
| #define HAVE_STRINGS_H 1
| #define HAVE_INTTYPES_H 1
| #define HAVE_STDINT_H 1
| #define HAVE_UNISTD_H 1
| #define __EXTENSIONS__ 1
| #define _ALL_SOURCE 1
| #define _GNU_SOURCE 1
| #define _POSIX_PTHREAD_SEMANTICS 1
| #define _TANDEM_SOURCE 1
| #define HAVE_LIBRT 1
| #define HAVE_ARPA_INET_H 1
| #define HAVE_FCNTL_H 1
| #define HAVE_FLOAT_H 1
| #define HAVE_LIBINTL_H 1
| #define HAVE_LOCALE_H 1
| #define HAVE_NETINET_IN_H 1
| #define HAVE_PATHS_H 1
| #define HAVE_STDLIB_H 1
| #define HAVE_STRING_H 1
| #define HAVE_SYS_IOCTL_H 1
| #define HAVE_SYS_SOCKET_H 1
| #define HAVE_SYS_TIME_H 1
| #define HAVE_SYSLOG_H 1
| #define HAVE_TERMIOS_H 1
| #define HAVE_UNISTD_H 1
| #define HAVE_UTMPX_H 1
| #define HAVE_UNISTD_H 1
| #define HAVE_CHOWN 1
| #define HAVE_FORK 1
| #define HAVE_VFORK 1
| #define HAVE_WORKING_VFORK 1
| #define HAVE_WORKING_FORK 1
| #define HAVE_STDLIB_H 1
| #define HAVE_MALLOC 1
| #define HAVE_ALARM 1
| #define HAVE_BZERO 1
| #define HAVE_CLOCK_GETTIME 1
| #define HAVE_GETPASS 1
| #define HAVE_GETTIMEOFDAY 1
| #define HAVE_INET_NTOA 1
| #define HAVE_MEMSET 1
| #define HAVE_SELECT 1
| #define HAVE_SETENV 1
| #define HAVE_SETLOCALE 1
| #define HAVE_SOCKET 1
| #define HAVE_STRCASECMP 1
| #define HAVE_STRERROR 1
| #define HAVE_STRNCASECMP 1
| /* end confdefs.h.  */
| /* Define sysinfo to an innocuous variant, in case <limits.h> declares sysinfo.
|    For example, HP-UX 11i <limits.h> declares gettimeofday.  */
| #define sysinfo innocuous_sysinfo
| 
| /* System header to define __stub macros and hopefully few prototypes,
|     which can conflict with char sysinfo (); below.
|     Prefer <limits.h> to <assert.h> if __STDC__ is defined, since
|     <limits.h> exists even on freestanding compilers.  */
| 
| #ifdef __STDC__
| # include <limits.h>
| #else
| # include <assert.h>
| #endif
| 
| #undef sysinfo
| 
| /* Override any GCC internal prototype to avoid an error.
|    Use char because int might match the return type of a GCC
|    builtin and then its argument prototype would still apply.  */
| #ifdef __cplusplus
| extern "C"
| #endif
| char sysinfo ();
| /* The GNU C library defines this for functions which it implements
|     to always fail with ENOSYS.  Some functions are actually named
|     something starting with __ and the normal name is an alias.  */
| #if defined __stub_sysinfo || defined __stub___sysinfo
| choke me
| #endif
| 
| int
| main ()
| {
| return sysinfo ();
|   ;
|   return 0;
| }
configure:7706: result: no
configure:7706: checking for uname
configure:7706: gcc -o conftest -g -O2   conftest.c -lrt  >&5
configure:7706: $? = 0
configure:7706: result: yes
configure:7827: checking that generated files are newer than configure
configure:7833: result: done
configure:7860: creating ./config.status

## ---------------------- ##
## Running config.status. ##
## ---------------------- ##

This file was extended by mactelnet config.status 0.4.4, which was
generated by GNU Autoconf 2.69.  Invocation command line was

  CONFIG_FILES    = 
  CONFIG_HEADERS  = 
  CONFIG_LINKS    = 
  CONFIG_COMMANDS = 
  $ ./config.status 

on devil

config.status:934: creating Makefile
config.status:934: creating src/Makefile
config.status:934: creating doc/Makefile
config.status:934: creating config/Makefile
config.status:934: creating po/Makefile.in
config.status:934: creating src/config.h
config.status:1148: executing depfiles commands
config.status:1223: cd src       && sed -e '/# am--include-marker/d' Makefile         | make -f - am--depfiles
config.status:1230: $? = 0
config.status:1148: executing po-directories commands

## ---------------- ##
## Cache variables. ##
## ---------------- ##

ac_cv_build=amd64-unknown-freebsd11.2
ac_cv_c_compiler_gnu=yes
ac_cv_env_CC_set=''
ac_cv_env_CC_value=''
ac_cv_env_CFLAGS_set=''
ac_cv_env_CFLAGS_value=''
ac_cv_env_CPPFLAGS_set=''
ac_cv_env_CPPFLAGS_value=''
ac_cv_env_CPP_set=''
ac_cv_env_CPP_value=''
ac_cv_env_LDFLAGS_set=''
ac_cv_env_LDFLAGS_value=''
ac_cv_env_LIBS_set=''
ac_cv_env_LIBS_value=''
ac_cv_env_build_alias_set=''
ac_cv_env_build_alias_value=''
ac_cv_env_host_alias_set=''
ac_cv_env_host_alias_value=''
ac_cv_env_target_alias_set=''
ac_cv_env_target_alias_value=''
ac_cv_func_alarm=yes
ac_cv_func_bzero=yes
ac_cv_func_chown_works=yes
ac_cv_func_clock_gettime=yes
ac_cv_func_fork=yes
ac_cv_func_fork_works=yes
ac_cv_func_getpass=yes
ac_cv_func_gettimeofday=yes
ac_cv_func_inet_ntoa=yes
ac_cv_func_malloc_0_nonnull=yes
ac_cv_func_memset=yes
ac_cv_func_select=yes
ac_cv_func_setenv=yes
ac_cv_func_setlocale=yes
ac_cv_func_socket=yes
ac_cv_func_strcasecmp=yes
ac_cv_func_strerror=yes
ac_cv_func_strncasecmp=yes
ac_cv_func_strnlen_working=yes
ac_cv_func_sysinfo=no
ac_cv_func_uname=yes
ac_cv_func_vfork=yes
ac_cv_func_vfork_works=yes
ac_cv_header_arpa_inet_h=yes
ac_cv_header_fcntl_h=yes
ac_cv_header_float_h=yes
ac_cv_header_inttypes_h=yes
ac_cv_header_libintl_h=yes
ac_cv_header_locale_h=yes
ac_cv_header_memory_h=yes
ac_cv_header_minix_config_h=no
ac_cv_header_netinet_in_h=yes
ac_cv_header_paths_h=yes
ac_cv_header_stdc=yes
ac_cv_header_stdint_h=yes
ac_cv_header_stdlib_h=yes
ac_cv_header_string_h=yes
ac_cv_header_strings_h=yes
ac_cv_header_sys_ioctl_h=yes
ac_cv_header_sys_socket_h=yes
ac_cv_header_sys_stat_h=yes
ac_cv_header_sys_time_h=yes
ac_cv_header_sys_types_h=yes
ac_cv_header_syslog_h=yes
ac_cv_header_termios_h=yes
ac_cv_header_unistd_h=yes
ac_cv_header_utmp_h=no
ac_cv_header_utmpx_h=yes
ac_cv_header_vfork_h=no
ac_cv_host=amd64-unknown-freebsd11.2
ac_cv_lib_rt_nanosleep=yes
ac_cv_objext=o
ac_cv_path_EGREP='/usr/bin/grep -E'
ac_cv_path_GMSGFMT=/usr/local/bin/msgfmt
ac_cv_path_GREP=/usr/bin/grep
ac_cv_path_MSGFMT=/usr/local/bin/msgfmt
ac_cv_path_MSGMERGE=/usr/local/bin/msgmerge
ac_cv_path_XGETTEXT=/usr/local/bin/xgettext
ac_cv_path_install='/usr/bin/install -c'
ac_cv_prog_AWK=nawk
ac_cv_prog_CPP='gcc -E'
ac_cv_prog_ac_ct_CC=gcc
ac_cv_prog_cc_c89=''
ac_cv_prog_cc_g=yes
ac_cv_prog_make_make_set=yes
ac_cv_safe_to_define___extensions__=yes
ac_cv_type_pid_t=yes
ac_cv_type_size_t=yes
ac_cv_type_uid_t=yes
acl_cv_hardcode_direct=no
acl_cv_hardcode_libdir_flag_spec='${wl}-rpath ${wl}$libdir'
acl_cv_hardcode_libdir_separator=''
acl_cv_hardcode_minus_L=no
acl_cv_libext=a
acl_cv_libname_spec='lib$name'
acl_cv_library_names_spec=''
acl_cv_path_LD=/usr/local/bin/ld
acl_cv_prog_gnu_ld=yes
acl_cv_rpath=done
acl_cv_shlibext=so
acl_cv_wl=-Wl,
am_cv_CC_dependencies_compiler_type=gcc3
am_cv_make_support_nested_variables=yes
am_cv_prog_cc_c_o=yes
gt_cv_func_CFLocaleCopyCurrent=no
gt_cv_func_CFPreferencesCopyAppValue=no

## ----------------- ##
## Output variables. ##
## ----------------- ##

ACLOCAL='${SHELL} /root/MAC-Telnet/missing aclocal-1.16'
AMDEPBACKSLASH='\'
AMDEP_FALSE='#'
AMDEP_TRUE=''
AMTAR='$${TAR-tar}'
AM_BACKSLASH='\'
AM_DEFAULT_V='$(AM_DEFAULT_VERBOSITY)'
AM_DEFAULT_VERBOSITY='1'
AM_V='$(V)'
AUTOCONF='${SHELL} /root/MAC-Telnet/missing autoconf'
AUTOHEADER='${SHELL} /root/MAC-Telnet/missing autoheader'
AUTOMAKE='${SHELL} /root/MAC-Telnet/missing automake-1.16'
AWK='nawk'
CC='gcc'
CCDEPMODE='depmode=gcc3'
CFLAGS='-g -O2'
CPP='gcc -E'
CPPFLAGS=''
CYGPATH_W='echo'
DEFS='-DHAVE_CONFIG_H'
DEPDIR='.deps'
ECHO_C=''
ECHO_N='-n'
ECHO_T=''
EGREP='/usr/bin/grep -E'
EXEEXT=''
GETTEXT_MACRO_VERSION='0.18'
GMSGFMT='/usr/local/bin/msgfmt'
GMSGFMT_015='/usr/local/bin/msgfmt'
GREP='/usr/bin/grep'
INSTALL_DATA='${INSTALL} -m 644'
INSTALL_PROGRAM='${INSTALL}'
INSTALL_SCRIPT='${INSTALL}'
INSTALL_STRIP_PROGRAM='$(install_sh) -c -s'
INTLLIBS=''
INTL_MACOSX_LIBS=''
LDFLAGS=''
LIBICONV='-liconv'
LIBINTL=''
LIBOBJS=''
LIBS='-lrt '
LTLIBICONV='-liconv'
LTLIBINTL=''
LTLIBOBJS=''
MAKEINFO='${SHELL} /root/MAC-Telnet/missing makeinfo'
MKDIR_P='../install-sh -c -d'
MSGFMT='/usr/local/bin/msgfmt'
MSGFMT_015='/usr/local/bin/msgfmt'
MSGMERGE='/usr/local/bin/msgmerge'
OBJEXT='o'
PACKAGE='mactelnet'
PACKAGE_BUGREPORT='haakon.nessjoen@gmail.com'
PACKAGE_NAME='mactelnet'
PACKAGE_STRING='mactelnet 0.4.4'
PACKAGE_TARNAME='mactelnet'
PACKAGE_URL=''
PACKAGE_VERSION='0.4.4'
PATH_SEPARATOR=':'
POSUB=''
SET_MAKE=''
SHELL='/bin/sh'
STRIP=''
USE_NLS='no'
VERSION='0.4.4'
XGETTEXT='/usr/local/bin/xgettext'
XGETTEXT_015='/usr/local/bin/xgettext'
XGETTEXT_EXTRA_OPTIONS=''
ac_ct_CC='gcc'
am__EXEEXT_FALSE=''
am__EXEEXT_TRUE='#'
am__fastdepCC_FALSE='#'
am__fastdepCC_TRUE=''
am__include='include'
am__isrc=' -I$(srcdir)'
am__leading_dot='.'
am__nodep='_no'
am__quote=''
am__tar='$${TAR-tar} chof - "$$tardir"'
am__untar='$${TAR-tar} xf -'
bindir='${exec_prefix}/bin'
build='amd64-unknown-freebsd11.2'
build_alias=''
build_cpu='amd64'
build_os='freebsd11.2'
build_vendor='unknown'
datadir='${datarootdir}'
datarootdir='${prefix}/share'
docdir='${datarootdir}/doc/${PACKAGE_TARNAME}'
dvidir='${docdir}'
exec_prefix='${prefix}'
host='amd64-unknown-freebsd11.2'
host_alias=''
host_cpu='amd64'
host_os='freebsd11.2'
host_vendor='unknown'
htmldir='${docdir}'
includedir='${prefix}/include'
infodir='${datarootdir}/info'
install_sh='${SHELL} /root/MAC-Telnet/install-sh'
libdir='${exec_prefix}/lib'
libexecdir='${exec_prefix}/libexec'
localedir='${datarootdir}/locale'
localstatedir='${prefix}/var'
mandir='${datarootdir}/man'
mkdir_p='$(top_builddir)/../install-sh -c -d'
oldincludedir='/usr/include'
pdfdir='${docdir}'
prefix='/usr/local'
program_transform_name='s,x,x,'
psdir='${docdir}'
sbindir='${exec_prefix}/sbin'
sharedstatedir='${prefix}/com'
sysconfdir='${prefix}/etc'
target_alias=''

## ----------- ##
## confdefs.h. ##
## ----------- ##

/* confdefs.h */
#define PACKAGE_NAME "mactelnet"
#define PACKAGE_TARNAME "mactelnet"
#define PACKAGE_VERSION "0.4.4"
#define PACKAGE_STRING "mactelnet 0.4.4"
#define PACKAGE_BUGREPORT "haakon.nessjoen@gmail.com"
#define PACKAGE_URL ""
#define PACKAGE "mactelnet"
#define VERSION "0.4.4"
#define STDC_HEADERS 1
#define HAVE_SYS_TYPES_H 1
#define HAVE_SYS_STAT_H 1
#define HAVE_STDLIB_H 1
#define HAVE_STRING_H 1
#define HAVE_MEMORY_H 1
#define HAVE_STRINGS_H 1
#define HAVE_INTTYPES_H 1
#define HAVE_STDINT_H 1
#define HAVE_UNISTD_H 1
#define __EXTENSIONS__ 1
#define _ALL_SOURCE 1
#define _GNU_SOURCE 1
#define _POSIX_PTHREAD_SEMANTICS 1
#define _TANDEM_SOURCE 1
#define HAVE_LIBRT 1
#define HAVE_ARPA_INET_H 1
#define HAVE_FCNTL_H 1
#define HAVE_FLOAT_H 1
#define HAVE_LIBINTL_H 1
#define HAVE_LOCALE_H 1
#define HAVE_NETINET_IN_H 1
#define HAVE_PATHS_H 1
#define HAVE_STDLIB_H 1
#define HAVE_STRING_H 1
#define HAVE_SYS_IOCTL_H 1
#define HAVE_SYS_SOCKET_H 1
#define HAVE_SYS_TIME_H 1
#define HAVE_SYSLOG_H 1
#define HAVE_TERMIOS_H 1
#define HAVE_UNISTD_H 1
#define HAVE_UTMPX_H 1
#define HAVE_UNISTD_H 1
#define HAVE_CHOWN 1
#define HAVE_FORK 1
#define HAVE_VFORK 1
#define HAVE_WORKING_VFORK 1
#define HAVE_WORKING_FORK 1
#define HAVE_STDLIB_H 1
#define HAVE_MALLOC 1
#define HAVE_ALARM 1
#define HAVE_BZERO 1
#define HAVE_CLOCK_GETTIME 1
#define HAVE_GETPASS 1
#define HAVE_GETTIMEOFDAY 1
#define HAVE_INET_NTOA 1
#define HAVE_MEMSET 1
#define HAVE_SELECT 1
#define HAVE_SETENV 1
#define HAVE_SETLOCALE 1
#define HAVE_SOCKET 1
#define HAVE_STRCASECMP 1
#define HAVE_STRERROR 1
#define HAVE_STRNCASECMP 1
#define HAVE_UNAME 1

configure: exit 0
